/*C13*/SET SCHEMA PUBLIC
INSERT INTO TOPTION VALUES(201,'test1',0.0E0,8,'Test1.1',NULL)
ALTER SEQUENCE PUBLIC.HIBERNATE_SEQUENCE RESTART WITH 202
COMMIT
DELETE FROM TOPTION WHERE O_ID=201
COMMIT
INSERT INTO TOPTION VALUES(202,'test1',0.0E0,8,'Test1.1',NULL)
ALTER SEQUENCE PUBLIC.HIBERNATE_SEQUENCE RESTART WITH 203
COMMIT
INSERT INTO TOPTION VALUES(203,'test1',0.0E0,8,'Test1.1',NULL)
ALTER SEQUENCE PUBLIC.HIBERNATE_SEQUENCE RESTART WITH 204
COMMIT
DELETE FROM TOPTION WHERE O_ID=202
COMMIT
INSERT INTO TOPTION VALUES(204,'test1',0.0E0,8,'Test1.1',NULL)
ALTER SEQUENCE PUBLIC.HIBERNATE_SEQUENCE RESTART WITH 205
COMMIT
DELETE FROM TOPTION WHERE O_ID=204
COMMIT
INSERT INTO TOPTION VALUES(205,'test1',0.0E0,8,'Test1.1',NULL)
ALTER SEQUENCE PUBLIC.HIBERNATE_SEQUENCE RESTART WITH 206
COMMIT
INSERT INTO TOPTION VALUES(206,'test2',0.0E0,7,'test2.2',NULL)
ALTER SEQUENCE PUBLIC.HIBERNATE_SEQUENCE RESTART WITH 207
COMMIT
DELETE FROM TOPTION WHERE O_ID=206
COMMIT
DELETE FROM TOPTION WHERE O_ID=205
COMMIT
INSERT INTO TOPTION VALUES(207,'test1',0.0E0,8,'Test1.1',NULL)
ALTER SEQUENCE PUBLIC.HIBERNATE_SEQUENCE RESTART WITH 208
COMMIT
INSERT INTO TOPTION VALUES(208,'test2',0.0E0,7,'test2.2',NULL)
ALTER SEQUENCE PUBLIC.HIBERNATE_SEQUENCE RESTART WITH 209
COMMIT
INSERT INTO T_UE VALUES(209,'JEE',0.0E0,6,'M2 - ILD',5,6,7,5.0E0,2.0E0,3.0E0,NULL)
ALTER SEQUENCE PUBLIC.HIBERNATE_SEQUENCE RESTART WITH 210
COMMIT
DELETE FROM TOPTION WHERE O_ID=208
COMMIT
DELETE FROM T_UE WHERE ID=209
COMMIT
DELETE FROM TOPTION WHERE O_ID=207
COMMIT
INSERT INTO TOPTION VALUES(210,'test1',0.0E0,8,'Test1.1',NULL)
ALTER SEQUENCE PUBLIC.HIBERNATE_SEQUENCE RESTART WITH 211
COMMIT
DELETE FROM TOPTION WHERE O_ID=210
COMMIT
INSERT INTO TOPTION VALUES(211,'test1',0.0E0,8,'Test1.1',NULL)
ALTER SEQUENCE PUBLIC.HIBERNATE_SEQUENCE RESTART WITH 212
COMMIT
INSERT INTO TFORMATION VALUES(212,'M7ILD',0.0E0,'M3 - ILD',5,2,3)
INSERT INTO TOPTION VALUES(213,'test2',0.0E0,6,'test2.2',212)
INSERT INTO T_UE VALUES(214,'JEE',0.0E0,6,'M2 - ILD',5,6,7,5.0E0,2.0E0,3.0E0,212)
ALTER SEQUENCE PUBLIC.HIBERNATE_SEQUENCE RESTART WITH 215
COMMIT
INSERT INTO TOPTION_UES VALUES(213,214)
COMMIT
DELETE FROM TOPTION_UES WHERE OPTIONS_O_ID=213 AND UES_ID=214
DELETE FROM TOPTION WHERE O_ID=213
DELETE FROM T_UE WHERE ID=214
DELETE FROM TFORMATION WHERE F_ID=212
COMMIT
DELETE FROM TOPTION WHERE O_ID=211
COMMIT
INSERT INTO TOPTION VALUES(215,'test1',0.0E0,8,'Test1.1',NULL)
ALTER SEQUENCE PUBLIC.HIBERNATE_SEQUENCE RESTART WITH 216
COMMIT
INSERT INTO TFORMATION VALUES(216,'M7ILD',0.0E0,'M3 - ILD',5,2,3)
INSERT INTO TOPTION VALUES(217,'test2',0.0E0,6,'test2.2',216)
INSERT INTO T_UE VALUES(218,'JEE',0.0E0,6,'M2 - ILD',5,6,7,5.0E0,2.0E0,3.0E0,216)
ALTER SEQUENCE PUBLIC.HIBERNATE_SEQUENCE RESTART WITH 219
COMMIT
INSERT INTO TOPTION_UES VALUES(217,218)
COMMIT
DELETE FROM TOPTION_UES WHERE OPTIONS_O_ID=217 AND UES_ID=218
DELETE FROM TOPTION WHERE O_ID=217
DELETE FROM T_UE WHERE ID=218
DELETE FROM TFORMATION WHERE F_ID=216
COMMIT
DELETE FROM TOPTION WHERE O_ID=215
COMMIT
INSERT INTO TOPTION VALUES(219,'test1',0.0E0,8,'Test1.1',NULL)
ALTER SEQUENCE PUBLIC.HIBERNATE_SEQUENCE RESTART WITH 220
COMMIT
DELETE FROM TOPTION WHERE O_ID=219
COMMIT
INSERT INTO TOPTION VALUES(220,'test1',0.0E0,8,'Test1.1',NULL)
ALTER SEQUENCE PUBLIC.HIBERNATE_SEQUENCE RESTART WITH 221
COMMIT
INSERT INTO TOPTION VALUES(221,'test1',0.0E0,8,'Test1.1',NULL)
ALTER SEQUENCE PUBLIC.HIBERNATE_SEQUENCE RESTART WITH 222
COMMIT
DELETE FROM TOPTION WHERE O_ID=221
COMMIT
DELETE FROM TOPTION WHERE O_ID=220
COMMIT
INSERT INTO TOPTION VALUES(222,'test1',0.0E0,8,'Test1.1',NULL)
ALTER SEQUENCE PUBLIC.HIBERNATE_SEQUENCE RESTART WITH 223
COMMIT
INSERT INTO TOPTION VALUES(223,'test1',0.0E0,6,'Test1.1',NULL)
ALTER SEQUENCE PUBLIC.HIBERNATE_SEQUENCE RESTART WITH 224
COMMIT
INSERT INTO T_UE VALUES(224,'JEE-64g64f',0.0E0,6,'M2 - ILD',5,6,7,5.0E0,2.0E0,3.0E0,NULL)
ALTER SEQUENCE PUBLIC.HIBERNATE_SEQUENCE RESTART WITH 225
COMMIT
DELETE FROM T_UE WHERE ID=224
COMMIT
DELETE FROM TOPTION WHERE O_ID=223
COMMIT
DELETE FROM TOPTION WHERE O_ID=222
COMMIT
INSERT INTO TOPTION VALUES(225,'test1',0.0E0,8,'Test1.1',NULL)
ALTER SEQUENCE PUBLIC.HIBERNATE_SEQUENCE RESTART WITH 226
COMMIT
INSERT INTO TFORMATION VALUES(226,'M7ILD',0.0E0,'M3 - ILD',5,2,3)
INSERT INTO TOPTION VALUES(227,'test2',0.0E0,6,'test2.2',226)
INSERT INTO T_UE VALUES(228,'JEE',0.0E0,6,'M2 - ILD',5,6,7,5.0E0,2.0E0,3.0E0,226)
ALTER SEQUENCE PUBLIC.HIBERNATE_SEQUENCE RESTART WITH 229
COMMIT
INSERT INTO TOPTION_UES VALUES(227,228)
COMMIT
DELETE FROM TOPTION_UES WHERE OPTIONS_O_ID=227 AND UES_ID=228
DELETE FROM TOPTION WHERE O_ID=227
DELETE FROM T_UE WHERE ID=228
DELETE FROM TFORMATION WHERE F_ID=226
COMMIT
DELETE FROM TOPTION WHERE O_ID=225
COMMIT
INSERT INTO TOPTION VALUES(229,'test1',0.0E0,8,'Test1.1',NULL)
ALTER SEQUENCE PUBLIC.HIBERNATE_SEQUENCE RESTART WITH 230
COMMIT
INSERT INTO TOPTION VALUES(230,'test1',0.0E0,8,'Test1.1',NULL)
ALTER SEQUENCE PUBLIC.HIBERNATE_SEQUENCE RESTART WITH 231
COMMIT
DELETE FROM TOPTION WHERE O_ID=229
COMMIT
INSERT INTO TOPTION VALUES(231,'test1',0.0E0,8,'Test1.1',NULL)
ALTER SEQUENCE PUBLIC.HIBERNATE_SEQUENCE RESTART WITH 232
COMMIT
DELETE FROM TOPTION WHERE O_ID=231
INSERT INTO TOPTION VALUES(231,'test1',0.0E0,8,'Test1.1 update',NULL)
COMMIT
DELETE FROM TOPTION WHERE O_ID=231
COMMIT
INSERT INTO TOPTION VALUES(232,'test1',0.0E0,8,'Test1.1',NULL)
ALTER SEQUENCE PUBLIC.HIBERNATE_SEQUENCE RESTART WITH 233
COMMIT
INSERT INTO TFORMATION VALUES(233,'M7ILD',0.0E0,'M3 - ILD',5,2,3)
INSERT INTO TOPTION VALUES(234,'test2',0.0E0,6,'test2.2',233)
INSERT INTO T_UE VALUES(235,'JEE',0.0E0,6,'M2 - ILD',5,6,7,5.0E0,2.0E0,3.0E0,233)
ALTER SEQUENCE PUBLIC.HIBERNATE_SEQUENCE RESTART WITH 236
COMMIT
INSERT INTO TOPTION_UES VALUES(234,235)
COMMIT
DELETE FROM TOPTION_UES WHERE OPTIONS_O_ID=234 AND UES_ID=235
COMMIT
DELETE FROM TOPTION WHERE O_ID=234
DELETE FROM T_UE WHERE ID=235
DELETE FROM TFORMATION WHERE F_ID=233
COMMIT
DELETE FROM TOPTION WHERE O_ID=232
COMMIT
INSERT INTO T_UE VALUES(236,'JEE',0.0E0,6,'M2 - ILD',5,6,7,5.0E0,2.0E0,3.0E0,NULL)
ALTER SEQUENCE PUBLIC.HIBERNATE_SEQUENCE RESTART WITH 237
COMMIT
INSERT INTO T_UE VALUES(237,'JEE',0.0E0,6,'M2 - ILD',5,6,7,5.0E0,2.0E0,3.0E0,NULL)
ALTER SEQUENCE PUBLIC.HIBERNATE_SEQUENCE RESTART WITH 238
COMMIT
DELETE FROM T_UE WHERE ID=236
COMMIT
INSERT INTO T_UE VALUES(238,'JEE',0.0E0,6,'M2 - ILD',5,6,7,5.0E0,2.0E0,3.0E0,NULL)
ALTER SEQUENCE PUBLIC.HIBERNATE_SEQUENCE RESTART WITH 239
COMMIT
DELETE FROM T_UE WHERE ID=238
COMMIT
INSERT INTO T_UE VALUES(239,'JEE',0.0E0,6,'M2 - ILD',5,6,7,5.0E0,2.0E0,3.0E0,NULL)
ALTER SEQUENCE PUBLIC.HIBERNATE_SEQUENCE RESTART WITH 240
COMMIT
DELETE FROM T_UE WHERE ID=239
COMMIT
INSERT INTO T_UE VALUES(240,'JEE',0.0E0,6,'M2 - ILD',5,6,7,5.0E0,2.0E0,3.0E0,NULL)
ALTER SEQUENCE PUBLIC.HIBERNATE_SEQUENCE RESTART WITH 241
COMMIT
INSERT INTO T_UE VALUES(241,'JEE',0.0E0,6,'M2 - ILD',5,6,7,5.0E0,2.0E0,3.0E0,NULL)
ALTER SEQUENCE PUBLIC.HIBERNATE_SEQUENCE RESTART WITH 242
COMMIT
DELETE FROM T_UE WHERE ID=241
COMMIT
INSERT INTO T_UE VALUES(242,'JEE',0.0E0,6,'M2 - ILD',5,6,7,5.0E0,2.0E0,3.0E0,NULL)
ALTER SEQUENCE PUBLIC.HIBERNATE_SEQUENCE RESTART WITH 243
COMMIT
DELETE FROM T_UE WHERE ID=242
INSERT INTO T_UE VALUES(242,'Genie logiciel',0.0E0,6,'M2 - ILD',5,6,7,5.0E0,2.0E0,3.0E0,NULL)
COMMIT
DELETE FROM T_UE WHERE ID=242
COMMIT
INSERT INTO TBLOC VALUES(243,'test',0.0E0,NULL,NULL,NULL,NULL,'test',NULL)
ALTER SEQUENCE PUBLIC.HIBERNATE_SEQUENCE RESTART WITH 244
COMMIT
DELETE FROM TBLOC WHERE B_ID=243
COMMIT
INSERT INTO TBLOC VALUES(244,'test',0.0E0,NULL,NULL,NULL,NULL,'test',NULL)
ALTER SEQUENCE PUBLIC.HIBERNATE_SEQUENCE RESTART WITH 245
COMMIT
DELETE FROM TBLOC WHERE B_ID=244
COMMIT
INSERT INTO TBLOC VALUES(245,'test',0.0E0,NULL,NULL,NULL,NULL,'test',NULL)
ALTER SEQUENCE PUBLIC.HIBERNATE_SEQUENCE RESTART WITH 246
COMMIT
DELETE FROM TBLOC WHERE B_ID=245
COMMIT
INSERT INTO TBLOC VALUES(246,'test',0.0E0,NULL,NULL,NULL,NULL,'test',NULL)
ALTER SEQUENCE PUBLIC.HIBERNATE_SEQUENCE RESTART WITH 247
COMMIT
INSERT INTO TBLOC VALUES(247,'intitule',0.0E0,NULL,NULL,NULL,NULL,'code',NULL)
ALTER SEQUENCE PUBLIC.HIBERNATE_SEQUENCE RESTART WITH 248
COMMIT
DELETE FROM TBLOC WHERE B_ID=247
COMMIT
DELETE FROM TBLOC WHERE B_ID=246
COMMIT
INSERT INTO TBLOC VALUES(248,'test',0.0E0,NULL,NULL,NULL,NULL,'test',NULL)
ALTER SEQUENCE PUBLIC.HIBERNATE_SEQUENCE RESTART WITH 249
COMMIT
INSERT INTO TBLOC VALUES(249,'intitule',0.0E0,NULL,NULL,NULL,NULL,'code',NULL)
ALTER SEQUENCE PUBLIC.HIBERNATE_SEQUENCE RESTART WITH 250
COMMIT
INSERT INTO TOPTION VALUES(250,'test1',0.0E0,8,'Test1.1',NULL)
ALTER SEQUENCE PUBLIC.HIBERNATE_SEQUENCE RESTART WITH 251
COMMIT
DELETE FROM TBLOC WHERE B_ID=249
COMMIT
DELETE FROM TOPTION WHERE O_ID=250
COMMIT
DELETE FROM TBLOC WHERE B_ID=248
COMMIT
INSERT INTO TBLOC VALUES(251,'test',0.0E0,NULL,NULL,NULL,NULL,'test',NULL)
ALTER SEQUENCE PUBLIC.HIBERNATE_SEQUENCE RESTART WITH 252
COMMIT
DELETE FROM TBLOC WHERE B_ID=251
COMMIT
INSERT INTO TBLOC VALUES(252,'test',0.0E0,NULL,NULL,NULL,NULL,'test',NULL)
ALTER SEQUENCE PUBLIC.HIBERNATE_SEQUENCE RESTART WITH 253
COMMIT
INSERT INTO TBLOC VALUES(253,'intitule',0.0E0,NULL,NULL,NULL,NULL,'code',NULL)
ALTER SEQUENCE PUBLIC.HIBERNATE_SEQUENCE RESTART WITH 254
COMMIT
DELETE FROM TBLOC WHERE B_ID=253
COMMIT
DELETE FROM TBLOC WHERE B_ID=252
COMMIT
INSERT INTO TBLOC VALUES(254,'test',0.0E0,NULL,NULL,NULL,NULL,'test',NULL)
ALTER SEQUENCE PUBLIC.HIBERNATE_SEQUENCE RESTART WITH 255
COMMIT
INSERT INTO TBLOC VALUES(255,'intitule',0.0E0,NULL,NULL,NULL,NULL,'code',NULL)
ALTER SEQUENCE PUBLIC.HIBERNATE_SEQUENCE RESTART WITH 256
COMMIT
INSERT INTO T_UE VALUES(256,'JEE',0.0E0,6,'M2 - ILD',5,6,7,5.0E0,2.0E0,3.0E0,NULL)
ALTER SEQUENCE PUBLIC.HIBERNATE_SEQUENCE RESTART WITH 257
COMMIT
DELETE FROM TBLOC WHERE B_ID=255
COMMIT
DELETE FROM T_UE WHERE ID=256
COMMIT
DELETE FROM TBLOC WHERE B_ID=254
COMMIT
INSERT INTO TBLOC VALUES(257,'test',0.0E0,NULL,NULL,NULL,NULL,'test',NULL)
ALTER SEQUENCE PUBLIC.HIBERNATE_SEQUENCE RESTART WITH 258
COMMIT
INSERT INTO TBLOC VALUES(258,'M1-ild',0.0E0,NULL,NULL,NULL,NULL,'Master 1 ild',NULL)
ALTER SEQUENCE PUBLIC.HIBERNATE_SEQUENCE RESTART WITH 259
COMMIT
INSERT INTO TBLOC VALUES(259,'M2-ild',0.0E0,NULL,NULL,NULL,NULL,'Master 2 ild',NULL)
ALTER SEQUENCE PUBLIC.HIBERNATE_SEQUENCE RESTART WITH 260
COMMIT
DELETE FROM TBLOC WHERE B_ID=257
COMMIT
INSERT INTO TBLOC VALUES(260,'test',0.0E0,NULL,NULL,NULL,NULL,'test',NULL)
ALTER SEQUENCE PUBLIC.HIBERNATE_SEQUENCE RESTART WITH 261
COMMIT
DELETE FROM TBLOC WHERE B_ID=260
COMMIT
INSERT INTO TBLOC VALUES(261,'test',0.0E0,NULL,NULL,NULL,NULL,'test',NULL)
ALTER SEQUENCE PUBLIC.HIBERNATE_SEQUENCE RESTART WITH 262
COMMIT
DELETE FROM TBLOC WHERE B_ID=261
INSERT INTO TBLOC VALUES(261,'s2-ild',0.0E0,NULL,NULL,NULL,NULL,'Semestre 2 ild',NULL)
COMMIT
DELETE FROM TBLOC WHERE B_ID=261
COMMIT
INSERT INTO TBLOC VALUES(262,'test',0.0E0,NULL,NULL,NULL,NULL,'test',NULL)
ALTER SEQUENCE PUBLIC.HIBERNATE_SEQUENCE RESTART WITH 263
COMMIT
INSERT INTO TBLOC VALUES(263,'s1-ild',0.0E0,NULL,NULL,NULL,NULL,'Semestre 1 ild',NULL)
ALTER SEQUENCE PUBLIC.HIBERNATE_SEQUENCE RESTART WITH 264
COMMIT
DELETE FROM TBLOC WHERE B_ID=262
COMMIT
INSERT INTO TBLOC VALUES(264,'test',0.0E0,NULL,NULL,NULL,NULL,'test',NULL)
ALTER SEQUENCE PUBLIC.HIBERNATE_SEQUENCE RESTART WITH 265
COMMIT
DELETE FROM TBLOC WHERE B_ID=264
COMMIT
INSERT INTO TBLOC VALUES(265,'test',0.0E0,NULL,NULL,NULL,NULL,'test',NULL)
ALTER SEQUENCE PUBLIC.HIBERNATE_SEQUENCE RESTART WITH 266
COMMIT
INSERT INTO TBLOC VALUES(266,'code',0.0E0,NULL,NULL,NULL,NULL,'intitul\u00e9',NULL)
ALTER SEQUENCE PUBLIC.HIBERNATE_SEQUENCE RESTART WITH 267
COMMIT
DELETE FROM TBLOC WHERE B_ID=266
COMMIT
DELETE FROM TBLOC WHERE B_ID=265
COMMIT
INSERT INTO TBLOC VALUES(267,'test',0.0E0,NULL,NULL,NULL,NULL,'test',NULL)
ALTER SEQUENCE PUBLIC.HIBERNATE_SEQUENCE RESTART WITH 268
COMMIT
INSERT INTO TBLOC VALUES(268,'code',0.0E0,NULL,NULL,NULL,NULL,'intitul\u00e9',NULL)
ALTER SEQUENCE PUBLIC.HIBERNATE_SEQUENCE RESTART WITH 269
COMMIT
INSERT INTO TOPTION VALUES(269,'test1',0.0E0,8,'Test1.1',NULL)
ALTER SEQUENCE PUBLIC.HIBERNATE_SEQUENCE RESTART WITH 270
COMMIT
DELETE FROM TBLOC WHERE B_ID=268
COMMIT
DELETE FROM TOPTION WHERE O_ID=269
COMMIT
DELETE FROM TBLOC WHERE B_ID=267
COMMIT
INSERT INTO TBLOC VALUES(270,'test',0.0E0,NULL,NULL,NULL,NULL,'test',NULL)
ALTER SEQUENCE PUBLIC.HIBERNATE_SEQUENCE RESTART WITH 271
COMMIT
INSERT INTO TFORMATION VALUES(271,'M7ILD',0.0E0,'M3 - ILD',5,2,3)
INSERT INTO TBLOC VALUES(272,'M2-ild',0.0E0,NULL,NULL,NULL,NULL,'Master 2 ild',271)
INSERT INTO TOPTION VALUES(273,'test1',0.0E0,8,'Test1.1',271)
ALTER SEQUENCE PUBLIC.HIBERNATE_SEQUENCE RESTART WITH 274
COMMIT
INSERT INTO TBLOC_OPTIONS VALUES(272,273)
COMMIT
DELETE FROM TBLOC_OPTIONS WHERE BLOCS_B_ID=272 AND OPTIONS_O_ID=273
DELETE FROM TBLOC WHERE B_ID=272
DELETE FROM TOPTION WHERE O_ID=273
DELETE FROM TFORMATION WHERE F_ID=271
COMMIT
DELETE FROM TBLOC WHERE B_ID=270
COMMIT
INSERT INTO TBLOC VALUES(274,'test',0.0E0,NULL,NULL,NULL,NULL,'test',NULL)
ALTER SEQUENCE PUBLIC.HIBERNATE_SEQUENCE RESTART WITH 275
COMMIT
INSERT INTO TFORMATION VALUES(275,'M7ILD',0.0E0,'M3 - ILD',5,2,3)
INSERT INTO TBLOC VALUES(276,'M2-ild',0.0E0,NULL,NULL,NULL,NULL,'Master 2 ild',275)
INSERT INTO TOPTION VALUES(277,'test1',0.0E0,8,'Test1.1',275)
ALTER SEQUENCE PUBLIC.HIBERNATE_SEQUENCE RESTART WITH 278
COMMIT
INSERT INTO TBLOC_OPTIONS VALUES(276,277)
COMMIT
DELETE FROM TBLOC_OPTIONS WHERE BLOCS_B_ID=276 AND OPTIONS_O_ID=277
DELETE FROM TBLOC WHERE B_ID=276
DELETE FROM TOPTION WHERE O_ID=277
DELETE FROM TFORMATION WHERE F_ID=275
COMMIT
DELETE FROM TBLOC WHERE B_ID=274
COMMIT
INSERT INTO TBLOC VALUES(278,'test',0.0E0,NULL,NULL,NULL,NULL,'test',NULL)
ALTER SEQUENCE PUBLIC.HIBERNATE_SEQUENCE RESTART WITH 279
COMMIT
INSERT INTO TFORMATION VALUES(279,'M7ILD',0.0E0,'M3 - ILD',250,2,3)
INSERT INTO TBLOC VALUES(280,'M2-ild',0.0E0,NULL,NULL,NULL,NULL,'Master 2 ild',279)
INSERT INTO T_UE VALUES(281,'JEE',0.0E0,6,'M2 - ILD',5,6,7,2.0E0,3.0E0,5.0E0,279)
ALTER SEQUENCE PUBLIC.HIBERNATE_SEQUENCE RESTART WITH 282
COMMIT
INSERT INTO TBLOC_UES VALUES(280,281)
COMMIT
DELETE FROM TBLOC_UES WHERE BLOCS_B_ID=280 AND UES_ID=281
DELETE FROM TBLOC WHERE B_ID=280
DELETE FROM T_UE WHERE ID=281
DELETE FROM TFORMATION WHERE F_ID=279
COMMIT
DELETE FROM TBLOC WHERE B_ID=278
COMMIT
INSERT INTO TBLOC VALUES(282,'test',0.0E0,NULL,NULL,NULL,NULL,'test',NULL)
ALTER SEQUENCE PUBLIC.HIBERNATE_SEQUENCE RESTART WITH 283
COMMIT
DELETE FROM TBLOC WHERE B_ID=282
COMMIT
INSERT INTO TBLOC VALUES(283,'test',0.0E0,NULL,NULL,NULL,NULL,'test',NULL)
ALTER SEQUENCE PUBLIC.HIBERNATE_SEQUENCE RESTART WITH 284
COMMIT
INSERT INTO TBLOC VALUES(284,'code',0.0E0,NULL,NULL,NULL,NULL,'intitul\u00e9',NULL)
ALTER SEQUENCE PUBLIC.HIBERNATE_SEQUENCE RESTART WITH 285
COMMIT
DELETE FROM TBLOC WHERE B_ID=284
COMMIT
DELETE FROM TBLOC WHERE B_ID=283
COMMIT
INSERT INTO TBLOC VALUES(285,'test',0.0E0,NULL,NULL,NULL,NULL,'test',NULL)
ALTER SEQUENCE PUBLIC.HIBERNATE_SEQUENCE RESTART WITH 286
COMMIT
INSERT INTO TBLOC VALUES(286,'code',0.0E0,NULL,NULL,NULL,NULL,'intitul\u00e9',NULL)
ALTER SEQUENCE PUBLIC.HIBERNATE_SEQUENCE RESTART WITH 287
COMMIT
INSERT INTO T_UE VALUES(287,'JEE-64g64f',0.0E0,6,'M2 - ILD',5,5,7,5.0E0,2.0E0,3.0E0,NULL)
ALTER SEQUENCE PUBLIC.HIBERNATE_SEQUENCE RESTART WITH 288
COMMIT
DELETE FROM T_UE WHERE ID=287
COMMIT
DELETE FROM TBLOC WHERE B_ID=286
COMMIT
DELETE FROM TBLOC WHERE B_ID=285
COMMIT
INSERT INTO TBLOC VALUES(288,'test',0.0E0,NULL,NULL,NULL,NULL,'test',NULL)
ALTER SEQUENCE PUBLIC.HIBERNATE_SEQUENCE RESTART WITH 289
COMMIT
INSERT INTO TFORMATION VALUES(289,'M7ILD',0.0E0,'M3 - ILD',5,2,3)
INSERT INTO TBLOC VALUES(290,'M2-ild',0.0E0,NULL,NULL,NULL,NULL,'Master 2 ild',289)
INSERT INTO T_UE VALUES(291,'JEE',0.0E0,6,'M2 - ILD',5,5,7,5.0E0,2.0E0,3.0E0,289)
ALTER SEQUENCE PUBLIC.HIBERNATE_SEQUENCE RESTART WITH 292
COMMIT
INSERT INTO TBLOC_UES VALUES(290,291)
COMMIT
DELETE FROM TBLOC_UES WHERE BLOCS_B_ID=290 AND UES_ID=291
DELETE FROM TBLOC WHERE B_ID=290
DELETE FROM T_UE WHERE ID=291
DELETE FROM TFORMATION WHERE F_ID=289
COMMIT
DELETE FROM TBLOC WHERE B_ID=288
COMMIT
INSERT INTO TBLOC VALUES(292,'test',0.0E0,NULL,NULL,NULL,NULL,'test',NULL)
ALTER SEQUENCE PUBLIC.HIBERNATE_SEQUENCE RESTART WITH 293
COMMIT
INSERT INTO TFORMATION VALUES(293,'M7ILD',0.0E0,'M3 - ILD',5,2,3)
INSERT INTO TBLOC VALUES(294,'M2-ild',0.0E0,NULL,NULL,NULL,NULL,'Master 2 ild',293)
INSERT INTO TOPTION VALUES(295,'test1',0.0E0,8,'Test1.1',293)
ALTER SEQUENCE PUBLIC.HIBERNATE_SEQUENCE RESTART WITH 296
COMMIT
INSERT INTO TBLOC_OPTIONS VALUES(294,295)
COMMIT
DELETE FROM TBLOC_OPTIONS WHERE BLOCS_B_ID=294 AND OPTIONS_O_ID=295
COMMIT
DELETE FROM TBLOC WHERE B_ID=294
DELETE FROM TOPTION WHERE O_ID=295
DELETE FROM TFORMATION WHERE F_ID=293
COMMIT
DELETE FROM TBLOC WHERE B_ID=292
COMMIT
INSERT INTO TBLOC VALUES(296,'test',0.0E0,NULL,NULL,NULL,NULL,'test',NULL)
ALTER SEQUENCE PUBLIC.HIBERNATE_SEQUENCE RESTART WITH 297
COMMIT
INSERT INTO TFORMATION VALUES(297,'M7ILD',0.0E0,'M3 - ILD',5,2,3)
INSERT INTO TBLOC VALUES(298,'M2-ild',0.0E0,NULL,NULL,NULL,NULL,'Master 2 ild',297)
INSERT INTO T_UE VALUES(299,'JEE',0.0E0,6,'M2 - ILD',5,6,7,5.0E0,2.0E0,3.0E0,297)
ALTER SEQUENCE PUBLIC.HIBERNATE_SEQUENCE RESTART WITH 300
COMMIT
INSERT INTO TBLOC_UES VALUES(298,299)
COMMIT
DELETE FROM TBLOC_UES WHERE BLOCS_B_ID=298 AND UES_ID=299
COMMIT
DELETE FROM TBLOC WHERE B_ID=298
DELETE FROM T_UE WHERE ID=299
DELETE FROM TFORMATION WHERE F_ID=297
COMMIT
DELETE FROM TBLOC WHERE B_ID=296
COMMIT
INSERT INTO TFORMATION VALUES(300,'M7ILD',0.0E0,'M3 - ILD',5,2,3)
ALTER SEQUENCE PUBLIC.HIBERNATE_SEQUENCE RESTART WITH 301
COMMIT
DELETE FROM TFORMATION WHERE F_ID=300
COMMIT
INSERT INTO TFORMATION VALUES(301,'M7ILD',0.0E0,'M3 - ILD',5,2,3)
ALTER SEQUENCE PUBLIC.HIBERNATE_SEQUENCE RESTART WITH 302
COMMIT
DELETE FROM TFORMATION WHERE F_ID=301
COMMIT
INSERT INTO TFORMATION VALUES(302,'M7ILD',0.0E0,'M3 - ILD',5,2,3)
ALTER SEQUENCE PUBLIC.HIBERNATE_SEQUENCE RESTART WITH 303
COMMIT
INSERT INTO TBLOC VALUES(303,'test',0.0E0,NULL,NULL,NULL,NULL,'intitule',302)
ALTER SEQUENCE PUBLIC.HIBERNATE_SEQUENCE RESTART WITH 304
COMMIT
DELETE FROM TBLOC WHERE B_ID=303
COMMIT
DELETE FROM TFORMATION WHERE F_ID=302
COMMIT
INSERT INTO TFORMATION VALUES(304,'M7ILD',0.0E0,'M3 - ILD',5,2,3)
ALTER SEQUENCE PUBLIC.HIBERNATE_SEQUENCE RESTART WITH 305
COMMIT
INSERT INTO TFORMATION VALUES(305,'M3ILD',0.0E0,'M3 - ILD',5,2,3)
ALTER SEQUENCE PUBLIC.HIBERNATE_SEQUENCE RESTART WITH 306
COMMIT
DELETE FROM TFORMATION WHERE F_ID=304
COMMIT
INSERT INTO TFORMATION VALUES(306,'M7ILD',0.0E0,'M3 - ILD',5,2,3)
ALTER SEQUENCE PUBLIC.HIBERNATE_SEQUENCE RESTART WITH 307
COMMIT
DELETE FROM TFORMATION WHERE F_ID=306
COMMIT
INSERT INTO TFORMATION VALUES(307,'M7ILD',0.0E0,'M3 - ILD',5,2,3)
ALTER SEQUENCE PUBLIC.HIBERNATE_SEQUENCE RESTART WITH 308
COMMIT
DELETE FROM TFORMATION WHERE F_ID=307
COMMIT
INSERT INTO TFORMATION VALUES(308,'M7ILD',0.0E0,'M3 - ILD',5,2,3)
ALTER SEQUENCE PUBLIC.HIBERNATE_SEQUENCE RESTART WITH 309
COMMIT
DELETE FROM TFORMATION WHERE F_ID=308
COMMIT
INSERT INTO TFORMATION VALUES(309,'M7ILD',0.0E0,'M3 - ILD',5,2,3)
ALTER SEQUENCE PUBLIC.HIBERNATE_SEQUENCE RESTART WITH 310
COMMIT
DELETE FROM TFORMATION WHERE F_ID=309
COMMIT
INSERT INTO TFORMATION VALUES(310,'M7ILD',0.0E0,'M3 - ILD',5,2,3)
ALTER SEQUENCE PUBLIC.HIBERNATE_SEQUENCE RESTART WITH 311
COMMIT
DELETE FROM TFORMATION WHERE F_ID=310
COMMIT
INSERT INTO TFORMATION VALUES(311,'M7ILD',0.0E0,'M3 - ILD',5,2,3)
ALTER SEQUENCE PUBLIC.HIBERNATE_SEQUENCE RESTART WITH 312
COMMIT
INSERT INTO T_UE VALUES(312,'JEE',0.0E0,6,'M2 - ILD',5,6,7,5.0E0,2.0E0,3.0E0,311)
ALTER SEQUENCE PUBLIC.HIBERNATE_SEQUENCE RESTART WITH 313
COMMIT
DELETE FROM T_UE WHERE ID=312
COMMIT
DELETE FROM TFORMATION WHERE F_ID=311
COMMIT
INSERT INTO TFORMATION VALUES(313,'M7ILD',0.0E0,'M3 - ILD',5,2,3)
ALTER SEQUENCE PUBLIC.HIBERNATE_SEQUENCE RESTART WITH 314
COMMIT
INSERT INTO TBLOC VALUES(314,'test',0.0E0,NULL,NULL,NULL,NULL,'intitule',313)
ALTER SEQUENCE PUBLIC.HIBERNATE_SEQUENCE RESTART WITH 315
COMMIT
DELETE FROM TBLOC WHERE B_ID=314
DELETE FROM TFORMATION WHERE F_ID=313
COMMIT
INSERT INTO TFORMATION VALUES(315,'M7ILD',0.0E0,'M3 - ILD',5,2,3)
ALTER SEQUENCE PUBLIC.HIBERNATE_SEQUENCE RESTART WITH 316
COMMIT
DELETE FROM TFORMATION WHERE F_ID=315
COMMIT
INSERT INTO TFORMATION VALUES(316,'M7ILD',0.0E0,'M3 - ILD',5,2,3)
ALTER SEQUENCE PUBLIC.HIBERNATE_SEQUENCE RESTART WITH 317
COMMIT
INSERT INTO TOPTION VALUES(317,'test',0.0E0,0,'intitule',316)
ALTER SEQUENCE PUBLIC.HIBERNATE_SEQUENCE RESTART WITH 318
COMMIT
DELETE FROM TOPTION WHERE O_ID=317
DELETE FROM TFORMATION WHERE F_ID=316
COMMIT
INSERT INTO TFORMATION VALUES(318,'M7ILD',0.0E0,'M3 - ILD',5,2,3)
ALTER SEQUENCE PUBLIC.HIBERNATE_SEQUENCE RESTART WITH 319
COMMIT
INSERT INTO T_UE VALUES(319,'JEE',0.0E0,6,'M2 - ILD',5,6,7,5.0E0,2.0E0,3.0E0,318)
ALTER SEQUENCE PUBLIC.HIBERNATE_SEQUENCE RESTART WITH 320
COMMIT
DELETE FROM T_UE WHERE ID=319
DELETE FROM TFORMATION WHERE F_ID=318
COMMIT
INSERT INTO TFORMATION VALUES(320,'M7ILD',0.0E0,'M3 - ILD',5,2,3)
ALTER SEQUENCE PUBLIC.HIBERNATE_SEQUENCE RESTART WITH 321
COMMIT
INSERT INTO TBLOC VALUES(321,'test',0.0E0,NULL,NULL,NULL,NULL,'intitule',320)
ALTER SEQUENCE PUBLIC.HIBERNATE_SEQUENCE RESTART WITH 322
COMMIT
DELETE FROM TBLOC WHERE B_ID=321
DELETE FROM TFORMATION WHERE F_ID=320
COMMIT
INSERT INTO TFORMATION VALUES(322,'M7ILD',0.0E0,'M3 - ILD',5,2,3)
ALTER SEQUENCE PUBLIC.HIBERNATE_SEQUENCE RESTART WITH 323
COMMIT
INSERT INTO T_UE VALUES(323,'JEE',0.0E0,6,'M2 - ILD',5,6,7,5.0E0,2.0E0,3.0E0,322)
ALTER SEQUENCE PUBLIC.HIBERNATE_SEQUENCE RESTART WITH 324
COMMIT
DELETE FROM T_UE WHERE ID=323
DELETE FROM TFORMATION WHERE F_ID=322
COMMIT
INSERT INTO TFORMATION VALUES(324,'M7ILD',0.0E0,'M3 - ILD',5,2,3)
ALTER SEQUENCE PUBLIC.HIBERNATE_SEQUENCE RESTART WITH 325
COMMIT
DELETE FROM TFORMATION WHERE F_ID=324
COMMIT
INSERT INTO TFORMATION VALUES(325,'M7ILD',0.0E0,'M3 - ILD',5,2,3)
ALTER SEQUENCE PUBLIC.HIBERNATE_SEQUENCE RESTART WITH 326
COMMIT
DELETE FROM TFORMATION WHERE F_ID=325
COMMIT
INSERT INTO TFORMATION VALUES(326,'M7ILD',0.0E0,'M3 - ILD',5,2,3)
ALTER SEQUENCE PUBLIC.HIBERNATE_SEQUENCE RESTART WITH 327
COMMIT
DELETE FROM TFORMATION WHERE F_ID=326
COMMIT
INSERT INTO TFORMATION VALUES(327,'M7ILD',0.0E0,'M3 - ILD',5,2,3)
ALTER SEQUENCE PUBLIC.HIBERNATE_SEQUENCE RESTART WITH 328
COMMIT
DELETE FROM TFORMATION WHERE F_ID=327
COMMIT
INSERT INTO TFORMATION VALUES(328,'M7ILD',0.0E0,'M3 - ILD',5,2,3)
ALTER SEQUENCE PUBLIC.HIBERNATE_SEQUENCE RESTART WITH 329
COMMIT
INSERT INTO TOPTION VALUES(329,'test',0.0E0,0,'intitule',328)
ALTER SEQUENCE PUBLIC.HIBERNATE_SEQUENCE RESTART WITH 330
COMMIT
DELETE FROM TOPTION WHERE O_ID=329
COMMIT
DELETE FROM TFORMATION WHERE F_ID=328
COMMIT
INSERT INTO TFORMATION VALUES(330,'M7ILD',0.0E0,'M3 - ILD',5,2,3)
ALTER SEQUENCE PUBLIC.HIBERNATE_SEQUENCE RESTART WITH 331
COMMIT
INSERT INTO TOPTION VALUES(331,'test',0.0E0,0,'intitule',330)
ALTER SEQUENCE PUBLIC.HIBERNATE_SEQUENCE RESTART WITH 332
COMMIT
DELETE FROM TOPTION WHERE O_ID=331
DELETE FROM TFORMATION WHERE F_ID=330
COMMIT
INSERT INTO TFORMATION VALUES(332,'M7ILD',0.0E0,'M3 - ILD',5,2,3)
ALTER SEQUENCE PUBLIC.HIBERNATE_SEQUENCE RESTART WITH 333
COMMIT
DELETE FROM TFORMATION WHERE F_ID=332
INSERT INTO TFORMATION VALUES(332,'M7ILD',0.0E0,'Update3',5,2,3)
COMMIT
DELETE FROM TFORMATION WHERE F_ID=332
COMMIT
INSERT INTO TFORMATION VALUES(333,'M7ILD',0.0E0,'M3 - ILD',5,2,3)
ALTER SEQUENCE PUBLIC.HIBERNATE_SEQUENCE RESTART WITH 334
COMMIT
INSERT INTO TFORMATION VALUES(334,'M2ILD',0.0E0,'M2 - ILD',5,2,3)
ALTER SEQUENCE PUBLIC.HIBERNATE_SEQUENCE RESTART WITH 335
COMMIT
DELETE FROM TFORMATION WHERE F_ID=333
COMMIT
INSERT INTO TFORMATION VALUES(335,'M7ILD',0.0E0,'M3 - ILD',5,2,3)
ALTER SEQUENCE PUBLIC.HIBERNATE_SEQUENCE RESTART WITH 336
COMMIT
DELETE FROM TFORMATION WHERE F_ID=335
COMMIT
INSERT INTO TFORMATION VALUES(336,'M7ILD',0.0E0,'M3 - ILD',5,2,3)
ALTER SEQUENCE PUBLIC.HIBERNATE_SEQUENCE RESTART WITH 337
COMMIT
DELETE FROM TFORMATION WHERE F_ID=336
COMMIT
INSERT INTO TFORMATION VALUES(337,'M7ILD',0.0E0,'M3 - ILD',5,2,3)
ALTER SEQUENCE PUBLIC.HIBERNATE_SEQUENCE RESTART WITH 338
COMMIT
INSERT INTO TBLOC VALUES(338,'s1',0.0E0,NULL,NULL,NULL,NULL,'semestre',337)
ALTER SEQUENCE PUBLIC.HIBERNATE_SEQUENCE RESTART WITH 339
COMMIT
INSERT INTO TBLOC VALUES(339,'s1',0.0E0,NULL,NULL,NULL,NULL,'semestre',337)
INSERT INTO TBLOC VALUES(340,'s1',0.0E0,NULL,NULL,NULL,NULL,'semestre',337)
ALTER SEQUENCE PUBLIC.HIBERNATE_SEQUENCE RESTART WITH 341
COMMIT
DELETE FROM TBLOC WHERE B_ID=338
DELETE FROM TBLOC WHERE B_ID=339
DELETE FROM TBLOC WHERE B_ID=340
DELETE FROM TFORMATION WHERE F_ID=337
COMMIT
INSERT INTO TFORMATION VALUES(341,'M7ILD',0.0E0,'M3 - ILD',5,2,3)
ALTER SEQUENCE PUBLIC.HIBERNATE_SEQUENCE RESTART WITH 342
COMMIT
INSERT INTO TFORMATION VALUES(342,'M7ILD',0.0E0,'M3 - ILD',5,2,3)
ALTER SEQUENCE PUBLIC.HIBERNATE_SEQUENCE RESTART WITH 343
COMMIT
DELETE FROM TFORMATION WHERE F_ID=341
COMMIT
INSERT INTO TFORMATION VALUES(343,'M7ILD',0.0E0,'M3 - ILD',5,2,3)
ALTER SEQUENCE PUBLIC.HIBERNATE_SEQUENCE RESTART WITH 344
COMMIT
DELETE FROM TFORMATION WHERE F_ID=343
COMMIT
INSERT INTO TFORMATION VALUES(344,'M7ILD',0.0E0,'M3 - ILD',5,2,3)
ALTER SEQUENCE PUBLIC.HIBERNATE_SEQUENCE RESTART WITH 345
COMMIT
INSERT INTO TOPTION VALUES(345,'code',0.0E0,0,'intitule',344)
ALTER SEQUENCE PUBLIC.HIBERNATE_SEQUENCE RESTART WITH 346
COMMIT
DELETE FROM TOPTION WHERE O_ID=345
COMMIT
DELETE FROM TFORMATION WHERE F_ID=344
COMMIT
INSERT INTO TFORMATION VALUES(346,'M7ILD',0.0E0,'M3 - ILD',5,2,3)
ALTER SEQUENCE PUBLIC.HIBERNATE_SEQUENCE RESTART WITH 347
COMMIT
DELETE FROM TFORMATION WHERE F_ID=346
COMMIT
INSERT INTO TFORMATION VALUES(347,'M7ILD',0.0E0,'M3 - ILD',5,2,3)
ALTER SEQUENCE PUBLIC.HIBERNATE_SEQUENCE RESTART WITH 348
COMMIT
DELETE FROM TFORMATION WHERE F_ID=347
COMMIT
INSERT INTO TFORMATION VALUES(348,'M7ILD',0.0E0,'M3 - ILD',5,2,3)
ALTER SEQUENCE PUBLIC.HIBERNATE_SEQUENCE RESTART WITH 349
COMMIT
DELETE FROM TFORMATION WHERE F_ID=348
INSERT INTO TFORMATION VALUES(348,'TO_UPDATE',0.0E0,'M3 - ILD',5,2,3)
COMMIT
DELETE FROM TFORMATION WHERE F_ID=348
COMMIT
INSERT INTO TFORMATION VALUES(349,'M7ILD',0.0E0,'M3 - ILD',5,2,3)
ALTER SEQUENCE PUBLIC.HIBERNATE_SEQUENCE RESTART WITH 350
COMMIT
INSERT INTO T_UE VALUES(350,'JEE',0.0E0,6,'M2 - ILD',5,6,7,5.0E0,2.0E0,3.0E0,349)
ALTER SEQUENCE PUBLIC.HIBERNATE_SEQUENCE RESTART WITH 351
COMMIT
INSERT INTO T_UE VALUES(351,'JEE',0.0E0,6,'M2 - ILD',5,6,7,5.0E0,2.0E0,3.0E0,349)
INSERT INTO T_UE VALUES(352,'JEE',0.0E0,6,'M2 - ILD',5,6,7,5.0E0,2.0E0,3.0E0,349)
ALTER SEQUENCE PUBLIC.HIBERNATE_SEQUENCE RESTART WITH 353
COMMIT
DELETE FROM T_UE WHERE ID=350
DELETE FROM T_UE WHERE ID=351
DELETE FROM T_UE WHERE ID=352
DELETE FROM TFORMATION WHERE F_ID=349
COMMIT
INSERT INTO TFORMATION VALUES(353,'M7ILD',0.0E0,'M3 - ILD',5,2,3)
ALTER SEQUENCE PUBLIC.HIBERNATE_SEQUENCE RESTART WITH 354
COMMIT
INSERT INTO TBLOC VALUES(354,'s1',0.0E0,NULL,NULL,NULL,NULL,'semestre',353)
ALTER SEQUENCE PUBLIC.HIBERNATE_SEQUENCE RESTART WITH 355
COMMIT
INSERT INTO TBLOC VALUES(355,'s1',0.0E0,NULL,NULL,NULL,NULL,'semestre',353)
INSERT INTO T_UE VALUES(356,'JEE',0.0E0,6,'M2 - ILD',5,6,7,5.0E0,2.0E0,3.0E0,353)
ALTER SEQUENCE PUBLIC.HIBERNATE_SEQUENCE RESTART WITH 357
COMMIT
INSERT INTO TBLOC VALUES(357,'s1',0.0E0,NULL,NULL,NULL,NULL,'semestre',353)
INSERT INTO TOPTION VALUES(358,'code',0.0E0,0,'intitule',353)
INSERT INTO T_UE VALUES(359,'JEE',0.0E0,6,'M2 - ILD',5,6,7,5.0E0,2.0E0,3.0E0,353)
ALTER SEQUENCE PUBLIC.HIBERNATE_SEQUENCE RESTART WITH 360
COMMIT
DELETE FROM TBLOC WHERE B_ID=354
DELETE FROM TBLOC WHERE B_ID=355
DELETE FROM TBLOC WHERE B_ID=357
DELETE FROM TOPTION WHERE O_ID=358
DELETE FROM T_UE WHERE ID=356
DELETE FROM T_UE WHERE ID=359
DELETE FROM TFORMATION WHERE F_ID=353
COMMIT
INSERT INTO TFORMATION VALUES(360,'M7ILD',0.0E0,'M3 - ILD',5,2,3)
ALTER SEQUENCE PUBLIC.HIBERNATE_SEQUENCE RESTART WITH 361
COMMIT
INSERT INTO TOPTION VALUES(361,'code',0.0E0,0,'intitule',360)
ALTER SEQUENCE PUBLIC.HIBERNATE_SEQUENCE RESTART WITH 362
COMMIT
INSERT INTO TOPTION VALUES(362,'code',0.0E0,0,'intitule',360)
INSERT INTO TOPTION VALUES(363,'code',0.0E0,0,'intitule',360)
ALTER SEQUENCE PUBLIC.HIBERNATE_SEQUENCE RESTART WITH 364
COMMIT
DELETE FROM TOPTION WHERE O_ID=361
DELETE FROM TOPTION WHERE O_ID=362
DELETE FROM TOPTION WHERE O_ID=363
DELETE FROM TFORMATION WHERE F_ID=360
COMMIT
INSERT INTO TFORMATION VALUES(364,'M7ILD',0.0E0,'M3 - ILD',5,2,3)
ALTER SEQUENCE PUBLIC.HIBERNATE_SEQUENCE RESTART WITH 365
COMMIT
INSERT INTO T_UE VALUES(365,'JEE',0.0E0,6,'M2 - ILD',5,6,7,5.0E0,2.0E0,3.0E0,364)
ALTER SEQUENCE PUBLIC.HIBERNATE_SEQUENCE RESTART WITH 366
COMMIT
DELETE FROM T_UE WHERE ID=365
COMMIT
DELETE FROM TFORMATION WHERE F_ID=364
COMMIT
INSERT INTO TFORMATION VALUES(366,'M7ILD',0.0E0,'M3 - ILD',5,2,3)
ALTER SEQUENCE PUBLIC.HIBERNATE_SEQUENCE RESTART WITH 367
COMMIT
INSERT INTO TBLOC VALUES(367,'s1',0.0E0,NULL,NULL,NULL,NULL,'semestre',366)
ALTER SEQUENCE PUBLIC.HIBERNATE_SEQUENCE RESTART WITH 368
COMMIT
DELETE FROM TBLOC WHERE B_ID=367
COMMIT
DELETE FROM TFORMATION WHERE F_ID=366
COMMIT
INSERT INTO TBLOC VALUES(368,'test ag4*6nlmgregation',0.0E0,NULL,NULL,NULL,NULL,'ok',NULL)
ALTER SEQUENCE PUBLIC.HIBERNATE_SEQUENCE RESTART WITH 369
COMMIT
INSERT INTO TOPTION VALUES(369,'TEST CASCADE',0.0E0,0,'intitule',NULL)
ALTER SEQUENCE PUBLIC.HIBERNATE_SEQUENCE RESTART WITH 370
COMMIT
INSERT INTO TBLOC_OPTIONS VALUES(368,369)
COMMIT
DELETE FROM TBLOC_OPTIONS WHERE BLOCS_B_ID=368 AND OPTIONS_O_ID=369
COMMIT
DELETE FROM TBLOC WHERE B_ID=368
COMMIT
INSERT INTO TBLOC VALUES(370,'test ag4*6nlmgregation',0.0E0,NULL,NULL,NULL,NULL,'ok',NULL)
ALTER SEQUENCE PUBLIC.HIBERNATE_SEQUENCE RESTART WITH 371
COMMIT
DELETE FROM TBLOC WHERE B_ID=370
COMMIT
INSERT INTO TBLOC VALUES(371,'test ag4*6nlmgregation',0.0E0,NULL,NULL,NULL,NULL,'ok',NULL)
ALTER SEQUENCE PUBLIC.HIBERNATE_SEQUENCE RESTART WITH 372
COMMIT
INSERT INTO TBLOC VALUES(372,'s1-ild',0.0E0,NULL,NULL,NULL,NULL,'Semestre 1 ild',NULL)
ALTER SEQUENCE PUBLIC.HIBERNATE_SEQUENCE RESTART WITH 373
COMMIT
DELETE FROM TBLOC WHERE B_ID=371
COMMIT
INSERT INTO TBLOC VALUES(373,'test ag4*6nlmgregation',0.0E0,NULL,NULL,NULL,NULL,'ok',NULL)
ALTER SEQUENCE PUBLIC.HIBERNATE_SEQUENCE RESTART WITH 374
COMMIT
DELETE FROM TBLOC WHERE B_ID=373
COMMIT
INSERT INTO TBLOC VALUES(374,'test ag4*6nlmgregation',0.0E0,NULL,NULL,NULL,NULL,'ok',NULL)
ALTER SEQUENCE PUBLIC.HIBERNATE_SEQUENCE RESTART WITH 375
COMMIT
INSERT INTO T_UE VALUES(375,'JEE-64g64f',0.0E0,6,'M2 - ILD',5,6,7,5.0E0,2.0E0,3.0E0,NULL)
ALTER SEQUENCE PUBLIC.HIBERNATE_SEQUENCE RESTART WITH 376
COMMIT
INSERT INTO TBLOC_UES VALUES(374,375)
COMMIT
DELETE FROM TBLOC_UES WHERE BLOCS_B_ID=374 AND UES_ID=375
DELETE FROM TBLOC WHERE B_ID=374
COMMIT
INSERT INTO TBLOC VALUES(376,'test ag4*6nlmgregation',0.0E0,NULL,NULL,NULL,NULL,'ok',NULL)
ALTER SEQUENCE PUBLIC.HIBERNATE_SEQUENCE RESTART WITH 377
COMMIT
DELETE FROM TBLOC WHERE B_ID=376
COMMIT
INSERT INTO TBLOC VALUES(377,'test ag4*6nlmgregation',0.0E0,NULL,NULL,NULL,NULL,'ok',NULL)
ALTER SEQUENCE PUBLIC.HIBERNATE_SEQUENCE RESTART WITH 378
COMMIT
DELETE FROM TBLOC WHERE B_ID=377
COMMIT
INSERT INTO TBLOC VALUES(378,'test ag4*6nlmgregation',0.0E0,NULL,NULL,NULL,NULL,'ok',NULL)
ALTER SEQUENCE PUBLIC.HIBERNATE_SEQUENCE RESTART WITH 379
COMMIT
DELETE FROM TBLOC WHERE B_ID=378
INSERT INTO TBLOC VALUES(378,'TO_UPDATE',0.0E0,NULL,NULL,NULL,NULL,'ok',NULL)
COMMIT
DELETE FROM TBLOC WHERE B_ID=378
COMMIT
INSERT INTO TBLOC VALUES(379,'test ag4*6nlmgregation',0.0E0,NULL,NULL,NULL,NULL,'ok',NULL)
ALTER SEQUENCE PUBLIC.HIBERNATE_SEQUENCE RESTART WITH 380
COMMIT
INSERT INTO T_UE VALUES(380,'JEE-64g64f',0.0E0,6,'M2 - ILD',5,6,7,5.0E0,2.0E0,3.0E0,NULL)
ALTER SEQUENCE PUBLIC.HIBERNATE_SEQUENCE RESTART WITH 381
COMMIT
INSERT INTO TBLOC_UES VALUES(379,380)
COMMIT
DELETE FROM TBLOC_UES WHERE BLOCS_B_ID=379 AND UES_ID=380
COMMIT
DELETE FROM TBLOC WHERE B_ID=379
COMMIT
INSERT INTO TBLOC VALUES(381,'test ag4*6nlmgregation',0.0E0,NULL,NULL,NULL,NULL,'ok',NULL)
ALTER SEQUENCE PUBLIC.HIBERNATE_SEQUENCE RESTART WITH 382
COMMIT
INSERT INTO TOPTION VALUES(382,'TEST CASCADE',0.0E0,0,'intitule',NULL)
ALTER SEQUENCE PUBLIC.HIBERNATE_SEQUENCE RESTART WITH 383
COMMIT
INSERT INTO TBLOC_OPTIONS VALUES(381,382)
COMMIT
DELETE FROM TBLOC_OPTIONS WHERE BLOCS_B_ID=381 AND OPTIONS_O_ID=382
DELETE FROM TBLOC WHERE B_ID=381
COMMIT
INSERT INTO TOPTION VALUES(383,'cide',0.0E0,0,'intitule, ',NULL)
ALTER SEQUENCE PUBLIC.HIBERNATE_SEQUENCE RESTART WITH 384
COMMIT
DELETE FROM TOPTION WHERE O_ID=383
COMMIT
INSERT INTO TOPTION VALUES(384,'cide',0.0E0,0,'intitule, ',NULL)
ALTER SEQUENCE PUBLIC.HIBERNATE_SEQUENCE RESTART WITH 385
COMMIT
INSERT INTO TOPTION VALUES(385,'test1',0.0E0,8,'Test1.1',NULL)
ALTER SEQUENCE PUBLIC.HIBERNATE_SEQUENCE RESTART WITH 386
COMMIT
DELETE FROM TOPTION WHERE O_ID=384
COMMIT
INSERT INTO TOPTION VALUES(386,'cide',0.0E0,0,'intitule, ',NULL)
ALTER SEQUENCE PUBLIC.HIBERNATE_SEQUENCE RESTART WITH 387
COMMIT
DELETE FROM TOPTION WHERE O_ID=386
COMMIT
INSERT INTO TOPTION VALUES(387,'cide',0.0E0,0,'intitule, ',NULL)
ALTER SEQUENCE PUBLIC.HIBERNATE_SEQUENCE RESTART WITH 388
COMMIT
INSERT INTO T_UE VALUES(388,'JEE-64g64f',0.0E0,6,'M2 - ILD',5,6,7,5.0E0,2.0E0,3.0E0,NULL)
ALTER SEQUENCE PUBLIC.HIBERNATE_SEQUENCE RESTART WITH 389
COMMIT
INSERT INTO TOPTION_UES VALUES(387,388)
COMMIT
DELETE FROM TOPTION_UES WHERE OPTIONS_O_ID=387 AND UES_ID=388
DELETE FROM TOPTION WHERE O_ID=387
COMMIT
INSERT INTO TOPTION VALUES(389,'cide',0.0E0,0,'intitule, ',NULL)
ALTER SEQUENCE PUBLIC.HIBERNATE_SEQUENCE RESTART WITH 390
COMMIT
DELETE FROM TOPTION WHERE O_ID=389
COMMIT
INSERT INTO TOPTION VALUES(390,'cide',0.0E0,0,'intitule, ',NULL)
ALTER SEQUENCE PUBLIC.HIBERNATE_SEQUENCE RESTART WITH 391
COMMIT
DELETE FROM TOPTION WHERE O_ID=390
COMMIT
INSERT INTO TOPTION VALUES(391,'cide',0.0E0,0,'intitule, ',NULL)
ALTER SEQUENCE PUBLIC.HIBERNATE_SEQUENCE RESTART WITH 392
COMMIT
DELETE FROM TOPTION WHERE O_ID=391
INSERT INTO TOPTION VALUES(391,'TO_UPDATE',0.0E0,0,'intitule, ',NULL)
COMMIT
DELETE FROM TOPTION WHERE O_ID=391
COMMIT
INSERT INTO TOPTION VALUES(392,'cide',0.0E0,0,'intitule, ',NULL)
ALTER SEQUENCE PUBLIC.HIBERNATE_SEQUENCE RESTART WITH 393
COMMIT
INSERT INTO T_UE VALUES(393,'JEE-64g64f',0.0E0,6,'M2 - ILD',5,6,7,5.0E0,2.0E0,3.0E0,NULL)
ALTER SEQUENCE PUBLIC.HIBERNATE_SEQUENCE RESTART WITH 394
COMMIT
INSERT INTO TOPTION_UES VALUES(392,393)
COMMIT
DELETE FROM TOPTION_UES WHERE OPTIONS_O_ID=392 AND UES_ID=393
COMMIT
DELETE FROM TOPTION WHERE O_ID=392
COMMIT
INSERT INTO T_UE VALUES(394,'JEE',0.0E0,6,'M2 - ILD',5,6,7,5.0E0,2.0E0,3.0E0,NULL)
ALTER SEQUENCE PUBLIC.HIBERNATE_SEQUENCE RESTART WITH 395
COMMIT
DELETE FROM T_UE WHERE ID=394
COMMIT
INSERT INTO T_UE VALUES(395,'JEE',0.0E0,6,'M2 - ILD',5,6,7,5.0E0,2.0E0,3.0E0,NULL)
ALTER SEQUENCE PUBLIC.HIBERNATE_SEQUENCE RESTART WITH 396
COMMIT
INSERT INTO T_UE VALUES(396,'JEE',0.0E0,6,'M2 - ILD',5,6,7,5.0E0,2.0E0,3.0E0,NULL)
ALTER SEQUENCE PUBLIC.HIBERNATE_SEQUENCE RESTART WITH 397
COMMIT
DELETE FROM T_UE WHERE ID=395
COMMIT
INSERT INTO T_UE VALUES(397,'JEE',0.0E0,6,'M2 - ILD',5,6,7,5.0E0,2.0E0,3.0E0,NULL)
ALTER SEQUENCE PUBLIC.HIBERNATE_SEQUENCE RESTART WITH 398
COMMIT
DELETE FROM T_UE WHERE ID=397
COMMIT
INSERT INTO T_UE VALUES(398,'JEE',0.0E0,6,'M2 - ILD',5,6,7,5.0E0,2.0E0,3.0E0,NULL)
ALTER SEQUENCE PUBLIC.HIBERNATE_SEQUENCE RESTART WITH 399
COMMIT
DELETE FROM T_UE WHERE ID=398
COMMIT
INSERT INTO T_UE VALUES(399,'JEE',0.0E0,6,'M2 - ILD',5,6,7,5.0E0,2.0E0,3.0E0,NULL)
ALTER SEQUENCE PUBLIC.HIBERNATE_SEQUENCE RESTART WITH 400
COMMIT
DELETE FROM T_UE WHERE ID=399
COMMIT
INSERT INTO T_UE VALUES(400,'JEE',0.0E0,6,'M2 - ILD',5,6,7,5.0E0,2.0E0,3.0E0,NULL)
ALTER SEQUENCE PUBLIC.HIBERNATE_SEQUENCE RESTART WITH 401
COMMIT
DELETE FROM T_UE WHERE ID=400
INSERT INTO T_UE VALUES(400,'TO_UPDATE',0.0E0,6,'M2 - ILD',5,6,7,5.0E0,2.0E0,3.0E0,NULL)
COMMIT
DELETE FROM T_UE WHERE ID=400
COMMIT
DISCONNECT
/*C14*/SET SCHEMA PUBLIC
DISCONNECT
/*C15*/SET SCHEMA PUBLIC
DISCONNECT
/*C16*/SET SCHEMA PUBLIC
DISCONNECT
/*C17*/SET SCHEMA PUBLIC
DISCONNECT
/*C18*/SET SCHEMA PUBLIC
DISCONNECT
/*C19*/SET SCHEMA PUBLIC
DISCONNECT
/*C20*/SET SCHEMA PUBLIC
DISCONNECT
/*C21*/SET SCHEMA PUBLIC
DISCONNECT
/*C22*/SET SCHEMA PUBLIC
DISCONNECT
